SF:lib/src/constants.dart
DA:2,4
DA:13,3
LF:2
LH:2
end_of_record
SF:lib/src/exceptions/sigepweb_runtime_error.dart
DA:5,1
DA:7,0
DA:8,0
DA:10,0
DA:12,0
LF:5
LH:1
end_of_record
SF:lib/src/models/calc_preco_prazo_item_model.dart
DA:23,1
DA:24,2
DA:25,2
DA:26,2
DA:27,2
DA:28,2
DA:29,2
DA:30,2
DA:31,2
DA:32,1
DA:33,1
DA:34,2
DA:35,1
DA:38,4
DA:42,0
DA:43,0
DA:44,0
DA:45,0
DA:46,0
DA:47,0
DA:48,0
DA:49,0
DA:50,0
DA:51,0
DA:52,0
DA:53,0
DA:54,0
DA:55,0
DA:59,0
DA:61,0
LF:30
LH:14
end_of_record
SF:lib/src/models/consulta_cep_model.dart
DA:13,1
DA:23,1
DA:24,2
DA:25,2
DA:26,2
DA:27,2
DA:28,2
DA:29,2
DA:32,0
DA:33,0
DA:34,0
DA:35,0
DA:36,0
DA:37,0
DA:38,0
DA:42,0
DA:44,0
LF:17
LH:8
end_of_record
SF:lib/src/core.dart
DA:33,1
DA:37,2
DA:38,1
DA:42,1
DA:43,2
DA:48,1
DA:71,1
DA:74,1
DA:75,0
DA:79,5
DA:81,5
DA:82,5
DA:83,1
DA:84,1
DA:85,1
DA:86,1
DA:87,1
DA:88,1
DA:89,1
DA:90,1
DA:91,1
DA:93,1
DA:99,4
DA:100,0
DA:107,1
DA:108,2
DA:109,2
DA:112,1
DA:113,2
DA:114,3
DA:115,0
DA:120,3
DA:123,1
DA:124,1
DA:125,2
DA:126,2
DA:132,1
DA:136,2
DA:137,2
DA:139,1
DA:145,0
DA:146,0
DA:147,0
DA:150,0
DA:151,0
DA:160,1
DA:161,1
DA:173,1
DA:177,1
DA:179,2
DA:181,1
DA:185,4
DA:186,0
DA:191,1
DA:192,2
DA:193,2
DA:196,3
DA:198,1
DA:199,1
DA:202,2
DA:205,1
DA:211,0
DA:212,0
DA:213,0
DA:216,0
DA:217,0
DA:223,1
DA:224,2
LF:68
LH:54
end_of_record
SF:lib/src/utils.dart
DA:14,1
DA:15,3
DA:16,1
DA:20,1
DA:21,2
DA:23,2
DA:24,1
DA:27,1
DA:32,1
DA:34,1
DA:36,1
DA:38,1
LF:12
LH:12
end_of_record
SF:lib/src/models/contrato.dart
DA:13,0
DA:23,1
DA:24,1
DA:25,1
DA:26,1
DA:27,1
DA:28,1
DA:29,1
DA:33,1
DA:34,1
DA:35,1
DA:36,1
DA:37,1
DA:38,1
DA:39,1
LF:15
LH:14
end_of_record
