SF:lib/src/constants.dart
DA:3,4
DA:16,3
LF:2
LH:2
end_of_record
SF:lib/src/exceptions/sigepweb_runtime_error.dart
DA:5,1
DA:7,0
DA:8,0
DA:10,0
DA:12,0
LF:5
LH:1
end_of_record
SF:lib/src/models/calc_preco_prazo_item_model.dart
DA:23,1
DA:24,2
DA:25,2
DA:26,2
DA:27,2
DA:28,2
DA:29,2
DA:30,2
DA:31,2
DA:32,1
DA:33,1
DA:34,2
DA:35,1
DA:38,4
DA:42,0
DA:43,0
DA:44,0
DA:45,0
DA:46,0
DA:47,0
DA:48,0
DA:49,0
DA:50,0
DA:51,0
DA:52,0
DA:53,0
DA:54,0
DA:55,0
DA:59,0
DA:61,0
LF:30
LH:14
end_of_record
SF:lib/src/models/consulta_cep_model.dart
DA:13,1
DA:23,1
DA:24,2
DA:25,2
DA:26,2
DA:27,2
DA:28,2
DA:29,2
DA:32,0
DA:33,0
DA:34,0
DA:35,0
DA:36,0
DA:37,0
DA:38,0
DA:42,0
DA:44,0
LF:17
LH:8
end_of_record
SF:lib/src/core.dart
DA:41,1
DA:45,2
DA:46,1
DA:50,1
DA:51,2
DA:60,1
DA:83,1
DA:86,1
DA:87,1
DA:92,5
DA:94,5
DA:95,5
DA:96,1
DA:97,1
DA:98,1
DA:99,1
DA:100,1
DA:101,1
DA:102,1
DA:103,1
DA:104,1
DA:106,1
DA:113,4
DA:114,0
DA:121,1
DA:122,2
DA:123,2
DA:126,1
DA:127,2
DA:128,3
DA:129,0
DA:134,3
DA:137,1
DA:138,1
DA:139,2
DA:140,2
DA:146,2
DA:150,2
DA:151,2
DA:153,1
DA:159,0
DA:160,0
DA:161,0
DA:164,0
DA:165,0
DA:174,1
DA:175,1
DA:190,1
DA:194,1
DA:197,2
DA:199,1
DA:204,4
DA:205,0
DA:210,1
DA:211,2
DA:212,2
DA:215,3
DA:217,1
DA:218,1
DA:221,2
DA:224,1
DA:230,0
DA:231,0
DA:232,0
DA:235,0
DA:236,0
DA:242,1
DA:243,2
LF:68
LH:55
end_of_record
SF:lib/src/utils.dart
DA:15,1
DA:16,3
DA:17,1
DA:24,1
DA:25,2
DA:27,2
DA:28,1
DA:31,1
DA:37,1
DA:39,1
DA:41,1
DA:43,1
LF:12
LH:12
end_of_record
SF:lib/src/models/contrato.dart
DA:12,0
DA:22,1
DA:23,1
DA:24,1
DA:25,1
DA:26,1
DA:27,1
DA:28,1
DA:32,1
DA:33,1
DA:34,1
DA:35,1
DA:36,1
DA:37,1
DA:38,1
LF:15
LH:14
end_of_record
